imdemo/myDemo/build/outputs/logs/manifest-merger-debug-report.txt
-- Merging decision tree log ---
manifest
ADDED from src\main\AndroidManifest.xml:2:1-453:12
	package
		ADDED from src\main\AndroidManifest.xml:3:5-33
		INJECTED from src\main\AndroidManifest.xml
		INJECTED from src\main\AndroidManifest.xml
	android:versionName
		ADDED from src\main\AndroidManifest.xml:5:5-30
		INJECTED from src\main\AndroidManifest.xml
		INJECTED from src\main\AndroidManifest.xml
	android:versionCode
		ADDED from src\main\AndroidManifest.xml:4:5-28
		INJECTED from src\main\AndroidManifest.xml
		INJECTED from src\main\AndroidManifest.xml
	xmlns:android
		ADDED from src\main\AndroidManifest.xml:2:11-69
uses-sdk
ADDED from src\main\AndroidManifest.xml:7:5-9:41
	android:targetSdkVersion
		ADDED from src\main\AndroidManifest.xml:9:9-38
		INJECTED from src\main\AndroidManifest.xml
		INJECTED from src\main\AndroidManifest.xml
	android:minSdkVersion
		ADDED from src\main\AndroidManifest.xml:8:9-35
		INJECTED from src\main\AndroidManifest.xml
		INJECTED from src\main\AndroidManifest.xml
uses-permission#android.permission.WRITE_EXTERNAL_STORAGE
ADDED from src\main\AndroidManifest.xml:11:5-81
MERGED from [imdemo:tlsui:unspecified] AndroidManifest.xml:9:5-81
	android:name
		ADDED from src\main\AndroidManifest.xml:11:22-78
uses-permission#android.permission.INTERNET
ADDED from src\main\AndroidManifest.xml:12:2-64
MERGED from [imdemo:tlsui:unspecified] AndroidManifest.xml:5:5-67
	android:name
		ADDED from src\main\AndroidManifest.xml:12:19-61
uses-permission#android.permission.ACCESS_NETWORK_STATE
ADDED from src\main\AndroidManifest.xml:13:2-76
MERGED from [imdemo:tlsui:unspecified] AndroidManifest.xml:8:5-79
	android:name
		ADDED from src\main\AndroidManifest.xml:13:19-73
uses-permission#android.permission.READ_PHONE_STATE
ADDED from src\main\AndroidManifest.xml:14:2-72
MERGED from [imdemo:tlsui:unspecified] AndroidManifest.xml:7:5-75
	android:name
		ADDED from src\main\AndroidManifest.xml:14:19-69
uses-permission#android.permission.ACCESS_COARSE_LOCATION
ADDED from src\main\AndroidManifest.xml:15:2-78
	android:name
		ADDED from src\main\AndroidManifest.xml:15:19-75
uses-permission#android.permission.WAKE_LOCK
ADDED from src\main\AndroidManifest.xml:16:2-65
	android:name
		ADDED from src\main\AndroidManifest.xml:16:19-62
uses-permission#android.permission.GET_TASKS
ADDED from src\main\AndroidManifest.xml:17:2-65
MERGED from [imdemo:tlsui:unspecified] AndroidManifest.xml:12:5-68
	android:name
		ADDED from src\main\AndroidManifest.xml:17:19-62
uses-permission#android.permission.ACCESS_WIFI_STATE
ADDED from src\main\AndroidManifest.xml:19:2-73
MERGED from [imdemo:tlsui:unspecified] AndroidManifest.xml:6:5-76
	android:name
		ADDED from src\main\AndroidManifest.xml:19:19-70
uses-permission#android.permission.RECEIVE_BOOT_COMPLETED
ADDED from src\main\AndroidManifest.xml:20:2-78
	android:name
		ADDED from src\main\AndroidManifest.xml:20:19-75
uses-permission#android.permission.READ_LOGS
ADDED from src\main\AndroidManifest.xml:21:2-64
	android:name
		ADDED from src\main\AndroidManifest.xml:21:19-62
uses-permission#android.permission.CHANGE_NETWORK_STATE
ADDED from src\main\AndroidManifest.xml:22:2-75
	android:name
		ADDED from src\main\AndroidManifest.xml:22:19-73
uses-permission#android.permission.RECORD_AUDIO
ADDED from src\main\AndroidManifest.xml:23:2-67
	android:name
		ADDED from src\main\AndroidManifest.xml:23:19-65
uses-permission#android.permission.CAMERA
ADDED from src\main\AndroidManifest.xml:24:2-61
MERGED from [imdemo:tlsui:unspecified] AndroidManifest.xml:10:5-65
	android:name
		ADDED from src\main\AndroidManifest.xml:24:19-59
uses-feature#android.hardware.camera
ADDED from src\main\AndroidManifest.xml:25:2-57
	android:name
		ADDED from src\main\AndroidManifest.xml:25:16-54
uses-feature#android.hardware.camera.autofocus
ADDED from src\main\AndroidManifest.xml:26:2-67
	android:name
		ADDED from src\main\AndroidManifest.xml:26:16-64
uses-permission#android.permission.VIBRATE
ADDED from src\main\AndroidManifest.xml:27:5-66
MERGED from [imdemo:tlsui:unspecified] AndroidManifest.xml:11:5-66
	android:name
		ADDED from src\main\AndroidManifest.xml:27:22-63
uses-permission#android.permission.INTERACT_ACROSS_USERS_FULL
ADDED from src\main\AndroidManifest.xml:28:2-81
	android:name
		ADDED from src\main\AndroidManifest.xml:28:19-79
uses-permission#android.permission.BROADCAST_STICKY
ADDED from src\main\AndroidManifest.xml:29:3-73
	android:name
		ADDED from src\main\AndroidManifest.xml:29:20-70
uses-permission#android.permission.MODIFY_AUDIO_SETTINGS
ADDED from src\main\AndroidManifest.xml:31:5-80
	android:name
		ADDED from src\main\AndroidManifest.xml:31:22-77
uses-permission#android.permission.SEND_SMS
ADDED from src\main\AndroidManifest.xml:32:5-67
	android:name
		ADDED from src\main\AndroidManifest.xml:32:22-64
uses-permission#android.permission.READ_SMS
ADDED from src\main\AndroidManifest.xml:33:5-67
	android:name
		ADDED from src\main\AndroidManifest.xml:33:22-64
uses-permission#android.permission.WRITE_SMS
ADDED from src\main\AndroidManifest.xml:34:5-68
	android:name
		ADDED from src\main\AndroidManifest.xml:34:22-65
uses-permission#android.permission.RECEIVE_SMS
ADDED from src\main\AndroidManifest.xml:35:5-70
	android:name
		ADDED from src\main\AndroidManifest.xml:35:22-67
application
ADDED from src\main\AndroidManifest.xml:39:5-451:19
MERGED from [imdemo:tlsui:unspecified] AndroidManifest.xml:17:5-99:19
	android:label
		ADDED from src\main\AndroidManifest.xml:43:9-41
	android:hardwareAccelerated
		ADDED from src\main\AndroidManifest.xml:45:9-44
	android:allowBackup
		ADDED from src\main\AndroidManifest.xml:41:9-36
	android:icon
		ADDED from src\main\AndroidManifest.xml:42:9-42
	android:largeHeap
		ADDED from src\main\AndroidManifest.xml:44:9-33
	android:theme
		ADDED from src\main\AndroidManifest.xml:46:9-40
	android:name
		ADDED from src\main\AndroidManifest.xml:40:9-56
activity#com.example.mydemo.MainActivity
ADDED from src\main\AndroidManifest.xml:47:9-57:20
	android:label
		ADDED from src\main\AndroidManifest.xml:49:13-45
	android:name
		ADDED from src\main\AndroidManifest.xml:48:13-41
service#com.tencent.qalsdk.service.QalService
ADDED from src\main\AndroidManifest.xml:60:10-65:19
	android:process
		ADDED from src\main\AndroidManifest.xml:64:13-42
	android:exported
		ADDED from src\main\AndroidManifest.xml:62:13-36
	android:persistent
		ADDED from src\main\AndroidManifest.xml:63:13-38
	android:name
		ADDED from src\main\AndroidManifest.xml:61:13-65
receiver#com.tencent.qalsdk.QALBroadcastReceiver
ADDED from src\main\AndroidManifest.xml:67:10-72:20
	android:name
		ADDED from src\main\AndroidManifest.xml:68:13-67
intent-filter#com.tencent.qalsdk.broadcast.qal
ADDED from src\main\AndroidManifest.xml:69:13-71:29
action#com.tencent.qalsdk.broadcast.qal
ADDED from src\main\AndroidManifest.xml:70:17-75
	android:name
		ADDED from src\main\AndroidManifest.xml:70:25-72
receiver#com.tencent.qalsdk.service.QALServiceReceiver
ADDED from src\main\AndroidManifest.xml:75:10-88:20
	android:enabled
		ADDED from src\main\AndroidManifest.xml:77:14-36
	android:process
		ADDED from src\main\AndroidManifest.xml:79:14-43
	android:exported
		ADDED from src\main\AndroidManifest.xml:78:14-38
	android:name
		ADDED from src\main\AndroidManifest.xml:76:14-74
intent-filter#android.bluetooth.adapter.action.STATE_CHANGED+android.intent.action.ACTION_POWER_CONNECTED+android.intent.action.ACTION_POWER_DISCONNECTED+android.intent.action.BOOT_COMPLETED+android.intent.action.USER_PRESENT
ADDED from src\main\AndroidManifest.xml:80:14-87:29
	android:priority
		ADDED from src\main\AndroidManifest.xml:80:29-58
action#android.intent.action.BOOT_COMPLETED
ADDED from src\main\AndroidManifest.xml:81:20-82
	android:name
		ADDED from src\main\AndroidManifest.xml:81:28-79
action#android.intent.action.USER_PRESENT
ADDED from src\main\AndroidManifest.xml:83:17-77
	android:name
		ADDED from src\main\AndroidManifest.xml:83:25-74
action#android.bluetooth.adapter.action.STATE_CHANGED
ADDED from src\main\AndroidManifest.xml:84:17-89
	android:name
		ADDED from src\main\AndroidManifest.xml:84:25-86
action#android.intent.action.ACTION_POWER_CONNECTED
ADDED from src\main\AndroidManifest.xml:85:17-87
	android:name
		ADDED from src\main\AndroidManifest.xml:85:25-84
action#android.intent.action.ACTION_POWER_DISCONNECTED
ADDED from src\main\AndroidManifest.xml:86:17-90
	android:name
		ADDED from src\main\AndroidManifest.xml:86:25-87
activity#com.example.mydemo.activity.SplashActivity
ADDED from src\main\AndroidManifest.xml:92:12-102:20
	android:screenOrientation
		ADDED from src\main\AndroidManifest.xml:94:13-49
	android:theme
		ADDED from src\main\AndroidManifest.xml:95:13-60
	android:name
		ADDED from src\main\AndroidManifest.xml:93:13-70
intent-filter#android.intent.action.MAIN+android.intent.category.LAUNCHER
ADDED from src\main\AndroidManifest.xml:97:13-101:29
action#android.intent.action.MAIN
ADDED from src\main\AndroidManifest.xml:98:17-69
	android:name
		ADDED from src\main\AndroidManifest.xml:98:25-66
category#android.intent.category.LAUNCHER
ADDED from src\main\AndroidManifest.xml:100:17-77
	android:name
		ADDED from src\main\AndroidManifest.xml:100:27-74
activity#com.example.mydemo.activity.RegisterNewActivity
ADDED from src\main\AndroidManifest.xml:104:9-108:20
	android:screenOrientation
		ADDED from src\main\AndroidManifest.xml:106:12-48
	android:theme
		ADDED from src\main\AndroidManifest.xml:107:13-60
	android:name
		ADDED from src\main\AndroidManifest.xml:105:13-75
activity#com.example.mydemo.activity.LoginNewActivity
ADDED from src\main\AndroidManifest.xml:109:9-113:20
	android:screenOrientation
		ADDED from src\main\AndroidManifest.xml:111:13-49
	android:theme
		ADDED from src\main\AndroidManifest.xml:112:13-60
	android:name
		ADDED from src\main\AndroidManifest.xml:110:13-72
activity#com.example.mydemo.activity.ImgVerifyActivity
ADDED from src\main\AndroidManifest.xml:114:9-118:20
	android:screenOrientation
		ADDED from src\main\AndroidManifest.xml:116:13-49
	android:theme
		ADDED from src\main\AndroidManifest.xml:117:13-60
	android:name
		ADDED from src\main\AndroidManifest.xml:115:13-73
activity#com.example.mydemo.activity.LoginActivity
ADDED from src\main\AndroidManifest.xml:123:9-127:20
	android:screenOrientation
		ADDED from src\main\AndroidManifest.xml:125:13-49
	android:theme
		ADDED from src\main\AndroidManifest.xml:126:13-60
	android:name
		ADDED from src\main\AndroidManifest.xml:124:13-69
activity#com.example.mydemo.activity.RegisterActivity
ADDED from src\main\AndroidManifest.xml:130:9-134:20
	android:screenOrientation
		ADDED from src\main\AndroidManifest.xml:132:13-49
	android:theme
		ADDED from src\main\AndroidManifest.xml:133:13-60
	android:name
		ADDED from src\main\AndroidManifest.xml:131:13-72
activity#com.example.mydemo.activity.ChatNewActivity
ADDED from src\main\AndroidManifest.xml:139:9-143:20
	android:screenOrientation
		ADDED from src\main\AndroidManifest.xml:141:13-49
	android:theme
		ADDED from src\main\AndroidManifest.xml:142:13-60
	android:name
		ADDED from src\main\AndroidManifest.xml:140:13-71
activity#com.example.mydemo.activity.AddFriendActivity
ADDED from src\main\AndroidManifest.xml:145:9-149:20
	android:screenOrientation
		ADDED from src\main\AndroidManifest.xml:147:13-49
	android:theme
		ADDED from src\main\AndroidManifest.xml:148:13-60
	android:name
		ADDED from src\main\AndroidManifest.xml:146:13-55
activity#com.example.mydemo.activity.CreateGroupActivity
ADDED from src\main\AndroidManifest.xml:151:9-155:20
	android:screenOrientation
		ADDED from src\main\AndroidManifest.xml:153:13-49
	android:theme
		ADDED from src\main\AndroidManifest.xml:154:13-60
	android:name
		ADDED from src\main\AndroidManifest.xml:152:13-75
activity#com.example.mydemo.activity.GroupListActivity
ADDED from src\main\AndroidManifest.xml:157:9-161:20
	android:screenOrientation
		ADDED from src\main\AndroidManifest.xml:159:13-49
	android:theme
		ADDED from src\main\AndroidManifest.xml:160:13-60
	android:name
		ADDED from src\main\AndroidManifest.xml:158:13-73
activity#com.example.mydemo.activity.GroupInfoActivity
ADDED from src\main\AndroidManifest.xml:163:9-167:20
	android:screenOrientation
		ADDED from src\main\AndroidManifest.xml:165:13-49
	android:theme
		ADDED from src\main\AndroidManifest.xml:166:13-60
	android:name
		ADDED from src\main\AndroidManifest.xml:164:13-73
activity#com.example.mydemo.activity.InviteToGroupActivity
ADDED from src\main\AndroidManifest.xml:169:9-173:20
	android:screenOrientation
		ADDED from src\main\AndroidManifest.xml:171:13-49
	android:theme
		ADDED from src\main\AndroidManifest.xml:172:13-60
	android:name
		ADDED from src\main\AndroidManifest.xml:170:13-77
activity#com.example.mydemo.activity.DeleteGroupMemberActivity
ADDED from src\main\AndroidManifest.xml:175:9-179:20
	android:screenOrientation
		ADDED from src\main\AndroidManifest.xml:177:13-49
	android:theme
		ADDED from src\main\AndroidManifest.xml:178:13-60
	android:name
		ADDED from src\main\AndroidManifest.xml:176:13-81
activity#com.example.mydemo.activity.EditGroupNameActivity
ADDED from src\main\AndroidManifest.xml:181:10-185:20
	android:screenOrientation
		ADDED from src\main\AndroidManifest.xml:183:13-49
	android:theme
		ADDED from src\main\AndroidManifest.xml:184:13-60
	android:name
		ADDED from src\main\AndroidManifest.xml:182:13-77
activity#com.example.mydemo.activity.DisplayOrgPicActivity
ADDED from src\main\AndroidManifest.xml:187:9-191:20
	android:screenOrientation
		ADDED from src\main\AndroidManifest.xml:189:13-49
	android:theme
		ADDED from src\main\AndroidManifest.xml:190:13-60
	android:name
		ADDED from src\main\AndroidManifest.xml:188:13-77
activity#com.example.mydemo.activity.SetFaceActivity
ADDED from src\main\AndroidManifest.xml:193:9-197:20
	android:screenOrientation
		ADDED from src\main\AndroidManifest.xml:195:13-49
	android:theme
		ADDED from src\main\AndroidManifest.xml:196:13-47
	android:name
		ADDED from src\main\AndroidManifest.xml:194:13-71
activity#com.example.mydemo.activity.EditNickNameActivity
ADDED from src\main\AndroidManifest.xml:199:9-203:20
	android:screenOrientation
		ADDED from src\main\AndroidManifest.xml:201:13-49
	android:theme
		ADDED from src\main\AndroidManifest.xml:202:13-60
	android:name
		ADDED from src\main\AndroidManifest.xml:200:13-76
activity#com.example.mydemo.activity.NewFriendsActivity
ADDED from src\main\AndroidManifest.xml:205:9-209:20
	android:screenOrientation
		ADDED from src\main\AndroidManifest.xml:207:13-49
	android:theme
		ADDED from src\main\AndroidManifest.xml:208:13-60
	android:name
		ADDED from src\main\AndroidManifest.xml:206:13-74
activity#com.example.mydemo.activity.ChatMenuActivity
ADDED from src\main\AndroidManifest.xml:211:9-215:20
	android:screenOrientation
		ADDED from src\main\AndroidManifest.xml:213:13-49
	android:theme
		ADDED from src\main\AndroidManifest.xml:214:7-41
	android:name
		ADDED from src\main\AndroidManifest.xml:212:13-72
activity#com.example.mydemo.activity.SystemTipsActivity
ADDED from src\main\AndroidManifest.xml:217:9-221:20
	android:screenOrientation
		ADDED from src\main\AndroidManifest.xml:219:13-49
	android:theme
		ADDED from src\main\AndroidManifest.xml:220:13-60
	android:name
		ADDED from src\main\AndroidManifest.xml:218:13-74
activity#com.example.mydemo.activity.UserInfoActivity
ADDED from src\main\AndroidManifest.xml:223:9-227:20
	android:screenOrientation
		ADDED from src\main\AndroidManifest.xml:225:13-49
	android:theme
		ADDED from src\main\AndroidManifest.xml:226:13-60
	android:name
		ADDED from src\main\AndroidManifest.xml:224:13-72
activity#com.example.mydemo.activity.SearchGroupActivity
ADDED from src\main\AndroidManifest.xml:229:9-233:20
	android:screenOrientation
		ADDED from src\main\AndroidManifest.xml:231:13-49
	android:theme
		ADDED from src\main\AndroidManifest.xml:232:13-60
	android:name
		ADDED from src\main\AndroidManifest.xml:230:13-75
activity#com.example.mydemo.activity.GroupSimpleInfoActivity
ADDED from src\main\AndroidManifest.xml:236:10-240:20
	android:screenOrientation
		ADDED from src\main\AndroidManifest.xml:238:13-49
	android:theme
		ADDED from src\main\AndroidManifest.xml:239:13-60
	android:name
		ADDED from src\main\AndroidManifest.xml:237:13-79
activity#com.example.mydemo.activity.PassStyleActivity
ADDED from src\main\AndroidManifest.xml:242:10-246:20
	android:screenOrientation
		ADDED from src\main\AndroidManifest.xml:244:13-49
	android:theme
		ADDED from src\main\AndroidManifest.xml:245:13-60
	android:name
		ADDED from src\main\AndroidManifest.xml:243:13-73
activity#com.example.mydemo.activity.SetLogLevelActivity
ADDED from src\main\AndroidManifest.xml:248:10-252:20
	android:screenOrientation
		ADDED from src\main\AndroidManifest.xml:250:13-49
	android:theme
		ADDED from src\main\AndroidManifest.xml:251:13-60
	android:name
		ADDED from src\main\AndroidManifest.xml:249:13-75
activity#com.example.mydemo.activity.AddFriendNewActivity
ADDED from src\main\AndroidManifest.xml:254:11-258:20
	android:screenOrientation
		ADDED from src\main\AndroidManifest.xml:256:13-49
	android:theme
		ADDED from src\main\AndroidManifest.xml:257:13-60
	android:name
		ADDED from src\main\AndroidManifest.xml:255:13-76
activity#com.example.mydemo.activity.AddFriendInfoActivity
ADDED from src\main\AndroidManifest.xml:259:11-263:20
	android:screenOrientation
		ADDED from src\main\AndroidManifest.xml:261:13-49
	android:theme
		ADDED from src\main\AndroidManifest.xml:262:13-60
	android:name
		ADDED from src\main\AndroidManifest.xml:260:13-77
activity#com.example.mydemo.activity.BlackListActivity
ADDED from src\main\AndroidManifest.xml:264:3-268:20
	android:screenOrientation
		ADDED from src\main\AndroidManifest.xml:266:13-49
	android:theme
		ADDED from src\main\AndroidManifest.xml:267:13-60
	android:name
		ADDED from src\main\AndroidManifest.xml:265:13-73
activity#com.example.mydemo.activity.EditGroupNotificationActivity
ADDED from src\main\AndroidManifest.xml:269:3-273:20
	android:screenOrientation
		ADDED from src\main\AndroidManifest.xml:271:13-49
	android:theme
		ADDED from src\main\AndroidManifest.xml:272:13-60
	android:name
		ADDED from src\main\AndroidManifest.xml:270:13-85
activity#com.example.mydemo.activity.EditGroupIntroduceActivity
ADDED from src\main\AndroidManifest.xml:275:3-279:20
	android:screenOrientation
		ADDED from src\main\AndroidManifest.xml:277:13-49
	android:theme
		ADDED from src\main\AndroidManifest.xml:278:13-60
	android:name
		ADDED from src\main\AndroidManifest.xml:276:13-82
activity#com.example.mydemo.activity.ReceiveMsgOptActivity
ADDED from src\main\AndroidManifest.xml:281:3-285:20
	android:screenOrientation
		ADDED from src\main\AndroidManifest.xml:283:13-49
	android:theme
		ADDED from src\main\AndroidManifest.xml:284:13-60
	android:name
		ADDED from src\main\AndroidManifest.xml:282:13-77
activity#com.example.mydemo.activity.GroupJoinStyleActivity
ADDED from src\main\AndroidManifest.xml:287:3-291:20
	android:screenOrientation
		ADDED from src\main\AndroidManifest.xml:289:13-49
	android:theme
		ADDED from src\main\AndroidManifest.xml:290:13-60
	android:name
		ADDED from src\main\AndroidManifest.xml:288:13-78
activity#com.example.mydemo.activity.GroupMemberManageActivity
ADDED from src\main\AndroidManifest.xml:293:3-297:20
	android:screenOrientation
		ADDED from src\main\AndroidManifest.xml:295:13-49
	android:theme
		ADDED from src\main\AndroidManifest.xml:296:13-60
	android:name
		ADDED from src\main\AndroidManifest.xml:294:13-81
activity#com.example.mydemo.activity.SetSlienceTimeActivity
ADDED from src\main\AndroidManifest.xml:299:3-303:20
	android:screenOrientation
		ADDED from src\main\AndroidManifest.xml:301:13-49
	android:theme
		ADDED from src\main\AndroidManifest.xml:302:13-47
	android:name
		ADDED from src\main\AndroidManifest.xml:300:13-78
activity#com.example.mydemo.activity.PhotoPreviewActivity
ADDED from src\main\AndroidManifest.xml:305:3-309:20
	android:screenOrientation
		ADDED from src\main\AndroidManifest.xml:307:13-49
	android:theme
		ADDED from src\main\AndroidManifest.xml:308:13-60
	android:name
		ADDED from src\main\AndroidManifest.xml:306:13-76
activity#com.example.mydemo.activity.VideoActivity
ADDED from src\main\AndroidManifest.xml:311:3-315:20
	android:screenOrientation
		ADDED from src\main\AndroidManifest.xml:313:13-49
	android:theme
		ADDED from src\main\AndroidManifest.xml:314:13-60
	android:name
		ADDED from src\main\AndroidManifest.xml:312:13-69
activity#com.example.mydemo.activity.NewVideoAcitivty
ADDED from src\main\AndroidManifest.xml:317:3-321:20
	android:screenOrientation
		ADDED from src\main\AndroidManifest.xml:319:13-49
	android:theme
		ADDED from src\main\AndroidManifest.xml:320:13-60
	android:name
		ADDED from src\main\AndroidManifest.xml:318:13-72
activity#com.example.mydemo.activity.DisplayVideoActivity
ADDED from src\main\AndroidManifest.xml:323:3-327:20
	android:screenOrientation
		ADDED from src\main\AndroidManifest.xml:325:13-49
	android:theme
		ADDED from src\main\AndroidManifest.xml:326:13-60
	android:name
		ADDED from src\main\AndroidManifest.xml:324:13-76
activity#com.example.mydemo.activity.EditGroupNickNameActivity
ADDED from src\main\AndroidManifest.xml:329:3-333:20
	android:screenOrientation
		ADDED from src\main\AndroidManifest.xml:331:13-49
	android:theme
		ADDED from src\main\AndroidManifest.xml:332:13-60
	android:name
		ADDED from src\main\AndroidManifest.xml:330:13-81
activity#com.example.mydemo.activity.AvActivity
ADDED from src\main\AndroidManifest.xml:335:3-340:20
	android:screenOrientation
		ADDED from src\main\AndroidManifest.xml:338:13-49
	android:configChanges
		ADDED from src\main\AndroidManifest.xml:337:7-75
	android:theme
		ADDED from src\main\AndroidManifest.xml:339:13-60
	android:name
		ADDED from src\main\AndroidManifest.xml:336:13-66
activity#com.example.mydemo.activity.AvPrepareActivity
ADDED from src\main\AndroidManifest.xml:342:3-347:14
	android:screenOrientation
		ADDED from src\main\AndroidManifest.xml:345:13-49
	android:launchMode
		ADDED from src\main\AndroidManifest.xml:344:7-37
	android:theme
		ADDED from src\main\AndroidManifest.xml:346:7-41
	android:name
		ADDED from src\main\AndroidManifest.xml:343:7-67
activity#com.example.mydemo.activity.MainActivity
ADDED from src\main\AndroidManifest.xml:350:9-354:20
	android:screenOrientation
		ADDED from src\main\AndroidManifest.xml:352:13-49
	android:theme
		ADDED from src\main\AndroidManifest.xml:353:13-60
	android:name
		ADDED from src\main\AndroidManifest.xml:351:13-68
activity#com.example.mydemo.wxapi.WXEntryActivity
ADDED from src\main\AndroidManifest.xml:437:9-444:20
	android:label
		ADDED from src\main\AndroidManifest.xml:440:13-44
	android:launchMode
		ADDED from src\main\AndroidManifest.xml:441:13-44
	android:exported
		ADDED from src\main\AndroidManifest.xml:439:13-36
	android:noHistory
		ADDED from src\main\AndroidManifest.xml:442:13-37
	android:theme
		ADDED from src\main\AndroidManifest.xml:443:13-72
	android:name
		ADDED from src\main\AndroidManifest.xml:438:13-50
activity#com.tencent.connect.common.AssistActivity
ADDED from src\main\AndroidManifest.xml:446:9-450:75
MERGED from [imdemo:tlsui:unspecified] AndroidManifest.xml:87:9-91:75
	android:screenOrientation
		ADDED from src\main\AndroidManifest.xml:449:13-49
	android:configChanges
		ADDED from src\main\AndroidManifest.xml:448:13-74
	android:theme
		ADDED from src\main\AndroidManifest.xml:450:13-72
	android:name
		ADDED from src\main\AndroidManifest.xml:447:13-69
uses-permission#oicq.wlogin_sdk.permission.WloginProvider.READ
ADDED from [imdemo:tlsui:unspecified] AndroidManifest.xml:13:5-86
	android:name
		ADDED from [imdemo:tlsui:unspecified] AndroidManifest.xml:13:22-83
uses-permission#oicq.wlogin_sdk.permission.WloginProvider.WRITE
ADDED from [imdemo:tlsui:unspecified] AndroidManifest.xml:14:5-87
	android:name
		ADDED from [imdemo:tlsui:unspecified] AndroidManifest.xml:14:22-84
uses-permission#android.permission.KILL_BACKGROUND_PROCESSES
ADDED from [imdemo:tlsui:unspecified] AndroidManifest.xml:15:5-84
	android:name
		ADDED from [imdemo:tlsui:unspecified] AndroidManifest.xml:15:22-81
activity#com.tencent.tls.activity.PhoneSmsLoginActivity
ADDED from [imdemo:tlsui:unspecified] AndroidManifest.xml:18:9-23:59
	android:screenOrientation
		ADDED from [imdemo:tlsui:unspecified] AndroidManifest.xml:22:13-49
	android:label
		ADDED from [imdemo:tlsui:unspecified] AndroidManifest.xml:20:13-60
	android:launchMode
		ADDED from [imdemo:tlsui:unspecified] AndroidManifest.xml:21:13-44
	android:theme
		ADDED from [imdemo:tlsui:unspecified] AndroidManifest.xml:23:13-56
	android:name
		ADDED from [imdemo:tlsui:unspecified] AndroidManifest.xml:19:13-74
activity#com.tencent.tls.activity.PhoneSmsRegisterActivity
ADDED from [imdemo:tlsui:unspecified] AndroidManifest.xml:24:9-29:59
	android:screenOrientation
		ADDED from [imdemo:tlsui:unspecified] AndroidManifest.xml:28:13-49
	android:label
		ADDED from [imdemo:tlsui:unspecified] AndroidManifest.xml:26:13-80
	android:noHistory
		ADDED from [imdemo:tlsui:unspecified] AndroidManifest.xml:27:13-37
	android:theme
		ADDED from [imdemo:tlsui:unspecified] AndroidManifest.xml:29:13-56
	android:name
		ADDED from [imdemo:tlsui:unspecified] AndroidManifest.xml:25:13-77
activity#com.tencent.tls.activity.StrAccLoginActivity
ADDED from [imdemo:tlsui:unspecified] AndroidManifest.xml:30:9-35:59
	android:screenOrientation
		ADDED from [imdemo:tlsui:unspecified] AndroidManifest.xml:34:13-49
	android:label
		ADDED from [imdemo:tlsui:unspecified] AndroidManifest.xml:32:13-84
	android:launchMode
		ADDED from [imdemo:tlsui:unspecified] AndroidManifest.xml:33:13-44
	android:theme
		ADDED from [imdemo:tlsui:unspecified] AndroidManifest.xml:35:13-56
	android:name
		ADDED from [imdemo:tlsui:unspecified] AndroidManifest.xml:31:13-72
activity#com.tencent.tls.activity.StrAccRegisterActivity
ADDED from [imdemo:tlsui:unspecified] AndroidManifest.xml:36:9-41:59
	android:screenOrientation
		ADDED from [imdemo:tlsui:unspecified] AndroidManifest.xml:40:13-49
	android:label
		ADDED from [imdemo:tlsui:unspecified] AndroidManifest.xml:38:13-87
	android:noHistory
		ADDED from [imdemo:tlsui:unspecified] AndroidManifest.xml:39:13-37
	android:theme
		ADDED from [imdemo:tlsui:unspecified] AndroidManifest.xml:41:13-56
	android:name
		ADDED from [imdemo:tlsui:unspecified] AndroidManifest.xml:37:13-75
activity#com.tencent.tls.activity.ImgCodeActivity
ADDED from [imdemo:tlsui:unspecified] AndroidManifest.xml:42:9-47:59
	android:screenOrientation
		ADDED from [imdemo:tlsui:unspecified] AndroidManifest.xml:46:13-49
	android:label
		ADDED from [imdemo:tlsui:unspecified] AndroidManifest.xml:44:13-74
	android:noHistory
		ADDED from [imdemo:tlsui:unspecified] AndroidManifest.xml:45:13-37
	android:theme
		ADDED from [imdemo:tlsui:unspecified] AndroidManifest.xml:47:13-56
	android:name
		ADDED from [imdemo:tlsui:unspecified] AndroidManifest.xml:43:13-68
activity#com.tencent.tls.activity.SelectCountryCodeActivity
ADDED from [imdemo:tlsui:unspecified] AndroidManifest.xml:48:9-53:59
	android:screenOrientation
		ADDED from [imdemo:tlsui:unspecified] AndroidManifest.xml:52:13-49
	android:label
		ADDED from [imdemo:tlsui:unspecified] AndroidManifest.xml:50:13-54
	android:noHistory
		ADDED from [imdemo:tlsui:unspecified] AndroidManifest.xml:51:13-37
	android:theme
		ADDED from [imdemo:tlsui:unspecified] AndroidManifest.xml:53:13-56
	android:name
		ADDED from [imdemo:tlsui:unspecified] AndroidManifest.xml:49:13-78
activity#com.tencent.tls.activity.PhonePwdLoginActivity
ADDED from [imdemo:tlsui:unspecified] AndroidManifest.xml:54:9-59:59
	android:screenOrientation
		ADDED from [imdemo:tlsui:unspecified] AndroidManifest.xml:58:13-49
	android:label
		ADDED from [imdemo:tlsui:unspecified] AndroidManifest.xml:56:13-76
	android:launchMode
		ADDED from [imdemo:tlsui:unspecified] AndroidManifest.xml:57:13-44
	android:theme
		ADDED from [imdemo:tlsui:unspecified] AndroidManifest.xml:59:13-56
	android:name
		ADDED from [imdemo:tlsui:unspecified] AndroidManifest.xml:55:13-74
activity#com.tencent.tls.activity.PhonePwdRegisterActivity
ADDED from [imdemo:tlsui:unspecified] AndroidManifest.xml:60:9-65:59
	android:screenOrientation
		ADDED from [imdemo:tlsui:unspecified] AndroidManifest.xml:64:13-49
	android:label
		ADDED from [imdemo:tlsui:unspecified] AndroidManifest.xml:62:13-85
	android:noHistory
		ADDED from [imdemo:tlsui:unspecified] AndroidManifest.xml:63:13-37
	android:theme
		ADDED from [imdemo:tlsui:unspecified] AndroidManifest.xml:65:13-56
	android:name
		ADDED from [imdemo:tlsui:unspecified] AndroidManifest.xml:61:13-77
activity#com.tencent.tls.activity.ResetPhonePwdActivity
ADDED from [imdemo:tlsui:unspecified] AndroidManifest.xml:66:9-71:59
	android:screenOrientation
		ADDED from [imdemo:tlsui:unspecified] AndroidManifest.xml:70:13-49
	android:label
		ADDED from [imdemo:tlsui:unspecified] AndroidManifest.xml:68:13-82
	android:noHistory
		ADDED from [imdemo:tlsui:unspecified] AndroidManifest.xml:69:13-37
	android:theme
		ADDED from [imdemo:tlsui:unspecified] AndroidManifest.xml:71:13-56
	android:name
		ADDED from [imdemo:tlsui:unspecified] AndroidManifest.xml:67:13-74
activity#com.tencent.tauth.AuthActivity
ADDED from [imdemo:tlsui:unspecified] AndroidManifest.xml:74:9-86:20
	android:launchMode
		ADDED from [imdemo:tlsui:unspecified] AndroidManifest.xml:76:13-44
	android:noHistory
		ADDED from [imdemo:tlsui:unspecified] AndroidManifest.xml:77:13-37
	android:name
		ADDED from [imdemo:tlsui:unspecified] AndroidManifest.xml:75:13-58
intent-filter#android.intent.action.VIEW+android.intent.category.BROWSABLE+android.intent.category.DEFAULT
ADDED from [imdemo:tlsui:unspecified] AndroidManifest.xml:78:13-85:29
action#android.intent.action.VIEW
ADDED from [imdemo:tlsui:unspecified] AndroidManifest.xml:79:17-69
	android:name
		ADDED from [imdemo:tlsui:unspecified] AndroidManifest.xml:79:25-66
category#android.intent.category.DEFAULT